#
# There is insufficient memory for the Java Runtime Environment to continue.
# Native memory allocation (malloc) failed to allocate 32756 bytes for ChunkPool::allocate
# Possible reasons:
#   The system is out of physical RAM or swap space
#   In 32 bit mode, the process size limit was hit
# Possible solutions:
#   Reduce memory load on the system
#   Increase physical memory or swap space
#   Check if swap backing store is full
#   Use 64 bit Java on a 64 bit OS
#   Decrease Java heap size (-Xmx/-Xms)
#   Decrease number of Java threads
#   Decrease Java thread stack sizes (-Xss)
#   Set larger code cache with -XX:ReservedCodeCacheSize=
# This output file may be truncated or incomplete.
#
#  Out of Memory Error (allocation.cpp:273), pid=19108, tid=0x0000492c
#
# JRE version: Java(TM) SE Runtime Environment (8.0_111-b14) (build 1.8.0_111-b14)
# Java VM: Java HotSpot(TM) Client VM (25.111-b14 mixed mode windows-x86 )
# Failed to write core dump. Minidumps are not enabled by default on client versions of Windows
#

---------------  T H R E A D  ---------------

Current thread (0x16f87800):  JavaThread "C1 CompilerThread0" daemon [_thread_in_native, id=18732, stack(0x176f0000,0x17740000)]

Stack: [0x176f0000,0x17740000],  sp=0x1773ece4,  free space=315k
Native frames: (J=compiled Java code, j=interpreted, Vv=VM code, C=native code)
V  [jvm.dll+0x1aa2bb]
V  [jvm.dll+0x1a2ac8]
V  [jvm.dll+0x8c5e1]
V  [jvm.dll+0x8c7bd]
V  [jvm.dll+0x8cc37]
V  [jvm.dll+0x286b12]
V  [jvm.dll+0x294bf3]
V  [jvm.dll+0x2976fc]
V  [jvm.dll+0x297d18]
V  [jvm.dll+0x29892e]
V  [jvm.dll+0x298b27]
V  [jvm.dll+0x295532]
V  [jvm.dll+0x297716]
V  [jvm.dll+0x297d18]
V  [jvm.dll+0x29892e]
V  [jvm.dll+0x298b27]
V  [jvm.dll+0x295532]
V  [jvm.dll+0x297716]
V  [jvm.dll+0x297d18]
V  [jvm.dll+0x29892e]
V  [jvm.dll+0x298b27]
V  [jvm.dll+0x295532]
V  [jvm.dll+0x297716]
V  [jvm.dll+0x298136]
V  [jvm.dll+0x29c11d]
V  [jvm.dll+0x29c26b]
V  [jvm.dll+0x2898a2]
V  [jvm.dll+0x289a8b]
V  [jvm.dll+0x289bda]
V  [jvm.dll+0x289d48]
V  [jvm.dll+0x289fc2]
V  [jvm.dll+0x7001a]
V  [jvm.dll+0x707cf]
V  [jvm.dll+0x17d6f0]
V  [jvm.dll+0x17df6a]
V  [jvm.dll+0x1c29c6]
C  [msvcr100.dll+0x5c556]
C  [msvcr100.dll+0x5c600]
C  [KERNEL32.DLL+0x18674]
C  [ntdll.dll+0x64b47]
C  [ntdll.dll+0x64b17]
C  0x00000000


Current CompileTask:
C1:  22209 1135   !         sun.java2d.d3d.D3DSurfaceData::swapBuffers (149 bytes)


---------------  P R O C E S S  ---------------

Java Threads: ( => current thread )
  0x180e5400 JavaThread "D3D Screen Updater" daemon [_thread_blocked, id=7396, stack(0x1ef40000,0x1ef90000)]
  0x180e2800 JavaThread "TimerQueue" daemon [_thread_blocked, id=3192, stack(0x1ee10000,0x1ee60000)]
  0x180e0400 JavaThread "main" [_thread_blocked, id=12660, stack(0x1e890000,0x1e8e0000)]
  0x180e4000 JavaThread "SimulationThread" [_thread_blocked, id=14560, stack(0x1e770000,0x1e7c0000)]
  0x180e6c00 JavaThread "Thread-7" daemon [_thread_in_native, id=12608, stack(0x1dc50000,0x1dca0000)]
  0x180e6000 JavaThread "JavaFX Application Thread" [_thread_in_native, id=9748, stack(0x1d770000,0x1d7c0000)]
  0x180e3c00 JavaThread "Thread-6" daemon [_thread_blocked, id=6724, stack(0x1d6e0000,0x1d730000)]
  0x17f56800 JavaThread "QuantumRenderer-0" daemon [_thread_blocked, id=7956, stack(0x1d650000,0x1d6a0000)]
  0x17f56400 JavaThread "AWT-EventQueue-0" [_thread_blocked, id=15060, stack(0x1d4c0000,0x1d510000)]
  0x17f55800 JavaThread "RMI TCP Connection(1)-127.0.0.1" daemon [_thread_in_native, id=16404, stack(0x18fd0000,0x19020000)]
  0x17f55c00 JavaThread "RMI Reaper" [_thread_blocked, id=3600, stack(0x18f40000,0x18f90000)]
  0x17f55000 JavaThread "RMI TCP Accept-0" daemon [_thread_in_native, id=7756, stack(0x18250000,0x182a0000)]
  0x17f36c00 JavaThread "GC Daemon" daemon [_thread_blocked, id=1836, stack(0x18890000,0x188e0000)]
  0x17f32000 JavaThread "RMI RenewClean-[127.0.0.1:55802]" daemon [_thread_blocked, id=7644, stack(0x18800000,0x18850000)]
  0x17f2ec00 JavaThread "RMI Scheduler(0)" daemon [_thread_blocked, id=7344, stack(0x18770000,0x187c0000)]
  0x0117d400 JavaThread "DestroyJavaVM" [_thread_blocked, id=15860, stack(0x010c0000,0x01110000)]
  0x17d34400 JavaThread "BlueJ worker thread" [_thread_blocked, id=13264, stack(0x181c0000,0x18210000)]
  0x17133400 JavaThread "AWT-Windows" daemon [_thread_in_native, id=360, stack(0x17ad0000,0x17b20000)]
  0x17132800 JavaThread "AWT-Shutdown" [_thread_blocked, id=3932, stack(0x17a40000,0x17a90000)]
  0x1712f400 JavaThread "Java2D Disposer" daemon [_thread_blocked, id=17724, stack(0x179b0000,0x17a00000)]
  0x16f9dc00 JavaThread "Service Thread" daemon [_thread_blocked, id=6324, stack(0x17780000,0x177d0000)]
=>0x16f87800 JavaThread "C1 CompilerThread0" daemon [_thread_in_native, id=18732, stack(0x176f0000,0x17740000)]
  0x16f81c00 JavaThread "JDWP Command Reader" daemon [_thread_in_native, id=1744, stack(0x17660000,0x176b0000)]
  0x16f7e800 JavaThread "JDWP Event Helper Thread" daemon [_thread_blocked, id=16960, stack(0x175d0000,0x17620000)]
  0x16f74c00 JavaThread "JDWP Transport Listener: dt_shmem" daemon [_thread_blocked, id=15472, stack(0x17540000,0x17590000)]
  0x16f79400 JavaThread "Attach Listener" daemon [_thread_blocked, id=5964, stack(0x174b0000,0x17500000)]
  0x16f77000 JavaThread "Signal Dispatcher" daemon [_thread_blocked, id=9044, stack(0x17420000,0x17470000)]
  0x16f59000 JavaThread "Finalizer" daemon [_thread_blocked, id=17300, stack(0x17210000,0x17260000)]
  0x16f44400 JavaThread "Reference Handler" daemon [_thread_blocked, id=9992, stack(0x17180000,0x171d0000)]

Other Threads:
  0x048dd400 VMThread [stack: 0x16ef0000,0x16f40000] [id=18552]
  0x16fc3400 WatcherThread [stack: 0x17810000,0x17860000] [id=8008]

VM state:not at safepoint (normal execution)

VM Mutex/Monitor currently owned by a thread: None

Heap:
 def new generation   total 16320K, used 3103K [0x06a00000, 0x07bb0000, 0x0bf50000)
  eden space 14528K,  11% used [0x06a00000, 0x06b91a50, 0x07830000)
  from space 1792K,  83% used [0x079f0000, 0x07b662f0, 0x07bb0000)
  to   space 1792K,   0% used [0x07830000, 0x07830000, 0x079f0000)
 tenured generation   total 36052K, used 16582K [0x0bf50000, 0x0e285000, 0x16a00000)
   the space 36052K,  45% used [0x0bf50000, 0x0cf81930, 0x0cf81a00, 0x0e285000)
 Metaspace       used 13445K, capacity 13891K, committed 13952K, reserved 14720K

Card table byte_map: [0x16a00000,0x16a90000] byte_map_base: 0x169cb000

Polling page: 0x01060000

CodeCache: size=32768Kb used=2273Kb max_used=2274Kb free=30494Kb
 bounds [0x04920000, 0x04b60000, 0x06920000]
 total_blobs=1438 nmethods=1123 adapters=253
 compilation: enabled

Compilation events (10 events):
Event: 21.025 Thread 0x16f87800 nmethod 1130 0x04b58208 code [0x04b58300, 0x04b583ac]
Event: 21.025 Thread 0x16f87800 1131             java.util.IdentityHashMap$KeyIterator::<init> (12 bytes)
Event: 21.025 Thread 0x16f87800 nmethod 1131 0x04b58448 code [0x04b58540, 0x04b585ec]
Event: 21.125 Thread 0x16f87800 1132             java.util.concurrent.locks.ReentrantReadWriteLock$ReadLock::lock (9 bytes)
Event: 21.125 Thread 0x16f87800 nmethod 1132 0x04b58688 code [0x04b58790, 0x04b58858]
Event: 21.673 Thread 0x16f87800 1133             javax.swing.TimerQueue::now (8 bytes)
Event: 21.673 Thread 0x16f87800 nmethod 1133 0x04b58908 code [0x04b58a00, 0x04b58a80]
Event: 21.913 Thread 0x16f87800 1134             java.util.LinkedList::linkFirst (59 bytes)
Event: 21.914 Thread 0x16f87800 nmethod 1134 0x04b58ac8 code [0x04b58bc0, 0x04b58d00]
Event: 22.162 Thread 0x16f87800 1135   !         sun.java2d.d3d.D3DSurfaceData::swapBuffers (149 bytes)

GC Heap History (10 events):
Event: 8.310 GC heap before
{Heap before GC invocations=25 (full 7):
 def new generation   total 11456K, used 6210K [0x06a00000, 0x07660000, 0x0bf50000)
  eden space 10240K,  55% used [0x06a00000, 0x06f8bc50, 0x07400000)
  from space 1216K,  43% used [0x07400000, 0x07484c50, 0x07530000)
  to   space 1216K,   0% used [0x07530000, 0x07530000, 0x07660000)
 tenured generation   total 25224K, used 15023K [0x0bf50000, 0x0d7f2000, 0x16a00000)
   the space 25224K,  59% used [0x0bf50000, 0x0cdfbf08, 0x0cdfc000, 0x0d7f2000)
 Metaspace       used 12366K, capacity 12753K, committed 12800K, reserved 13696K
Event: 8.313 GC heap after
Heap after GC invocations=26 (full 7):
 def new generation   total 11456K, used 530K [0x06a00000, 0x07660000, 0x0bf50000)
  eden space 10240K,   0% used [0x06a00000, 0x06a00000, 0x07400000)
  from space 1216K,  43% used [0x07530000, 0x075b4b30, 0x07660000)
  to   space 1216K,   0% used [0x07400000, 0x07400000, 0x07530000)
 tenured generation   total 25224K, used 20495K [0x0bf50000, 0x0d7f2000, 0x16a00000)
   the space 25224K,  81% used [0x0bf50000, 0x0d353e10, 0x0d354000, 0x0d7f2000)
 Metaspace       used 12366K, capacity 12753K, committed 12800K, reserved 13696K
}
Event: 8.314 GC heap before
{Heap before GC invocations=26 (full 7):
 def new generation   total 11456K, used 6187K [0x06a00000, 0x07660000, 0x0bf50000)
  eden space 10240K,  55% used [0x06a00000, 0x06f86448, 0x07400000)
  from space 1216K,  43% used [0x07530000, 0x075b4b30, 0x07660000)
  to   space 1216K,   0% used [0x07400000, 0x07400000, 0x07530000)
 tenured generation   total 25224K, used 20495K [0x0bf50000, 0x0d7f2000, 0x16a00000)
   the space 25224K,  81% used [0x0bf50000, 0x0d353e10, 0x0d354000, 0x0d7f2000)
 Metaspace       used 12366K, capacity 12753K, committed 12800K, reserved 13696K
Event: 8.333 GC heap after
Heap after GC invocations=27 (full 8):
 def new generation   total 16320K, used 0K [0x06a00000, 0x07bb0000, 0x0bf50000)
  eden space 14528K,   0% used [0x06a00000, 0x06a00000, 0x07830000)
  from space 1792K,   0% used [0x07830000, 0x07830000, 0x079f0000)
  to   space 1792K,   0% used [0x079f0000, 0x079f0000, 0x07bb0000)
 tenured generation   total 36052K, used 21629K [0x0bf50000, 0x0e285000, 0x16a00000)
   the space 36052K,  59% used [0x0bf50000, 0x0d46f420, 0x0d46f600, 0x0e285000)
 Metaspace       used 12366K, capacity 12753K, committed 12800K, reserved 13696K
}
Event: 8.427 GC heap before
{Heap before GC invocations=27 (full 8):
 def new generation   total 16320K, used 8447K [0x06a00000, 0x07bb0000, 0x0bf50000)
  eden space 14528K,  58% used [0x06a00000, 0x0723fef8, 0x07830000)
  from space 1792K,   0% used [0x07830000, 0x07830000, 0x079f0000)
  to   space 1792K,   0% used [0x079f0000, 0x079f0000, 0x07bb0000)
 tenured generation   total 36052K, used 21629K [0x0bf50000, 0x0e285000, 0x16a00000)
   the space 36052K,  59% used [0x0bf50000, 0x0d46f420, 0x0d46f600, 0x0e285000)
 Metaspace       used 12366K, capacity 12753K, committed 12800K, reserved 13696K
Event: 8.441 GC heap after
Heap after GC invocations=28 (full 9):
 def new generation   total 16320K, used 0K [0x06a00000, 0x07bb0000, 0x0bf50000)
  eden space 14528K,   0% used [0x06a00000, 0x06a00000, 0x07830000)
  from space 1792K,   0% used [0x07830000, 0x07830000, 0x079f0000)
  to   space 1792K,   0% used [0x079f0000, 0x079f0000, 0x07bb0000)
 tenured generation   total 36052K, used 16579K [0x0bf50000, 0x0e285000, 0x16a00000)
   the space 36052K,  45% used [0x0bf50000, 0x0cf80f00, 0x0cf81000, 0x0e285000)
 Metaspace       used 12366K, capacity 12753K, committed 12800K, reserved 13696K
}
Event: 8.441 GC heap before
{Heap before GC invocations=28 (full 9):
 def new generation   total 16320K, used 321K [0x06a00000, 0x07bb0000, 0x0bf50000)
  eden space 14528K,   2% used [0x06a00000, 0x06a50498, 0x07830000)
  from space 1792K,   0% used [0x07830000, 0x07830000, 0x079f0000)
  to   space 1792K,   0% used [0x079f0000, 0x079f0000, 0x07bb0000)
 tenured generation   total 36052K, used 16579K [0x0bf50000, 0x0e285000, 0x16a00000)
   the space 36052K,  45% used [0x0bf50000, 0x0cf80f00, 0x0cf81000, 0x0e285000)
 Metaspace       used 12366K, capacity 12753K, committed 12800K, reserved 13696K
Event: 8.452 GC heap after
Heap after GC invocations=29 (full 10):
 def new generation   total 16320K, used 0K [0x06a00000, 0x07bb0000, 0x0bf50000)
  eden space 14528K,   0% used [0x06a00000, 0x06a00000, 0x07830000)
  from space 1792K,   0% used [0x07830000, 0x07830000, 0x079f0000)
  to   space 1792K,   0% used [0x079f0000, 0x079f0000, 0x07bb0000)
 tenured generation   total 36052K, used 16582K [0x0bf50000, 0x0e285000, 0x16a00000)
   the space 36052K,  45% used [0x0bf50000, 0x0cf81930, 0x0cf81a00, 0x0e285000)
 Metaspace       used 12366K, capacity 12753K, committed 12800K, reserved 13696K
}
Event: 20.617 GC heap before
{Heap before GC invocations=29 (full 10):
 def new generation   total 16320K, used 14528K [0x06a00000, 0x07bb0000, 0x0bf50000)
  eden space 14528K, 100% used [0x06a00000, 0x07830000, 0x07830000)
  from space 1792K,   0% used [0x07830000, 0x07830000, 0x079f0000)
  to   space 1792K,   0% used [0x079f0000, 0x079f0000, 0x07bb0000)
 tenured generation   total 36052K, used 16582K [0x0bf50000, 0x0e285000, 0x16a00000)
   the space 36052K,  45% used [0x0bf50000, 0x0cf81930, 0x0cf81a00, 0x0e285000)
 Metaspace       used 13445K, capacity 13891K, committed 13952K, reserved 14720K
Event: 20.620 GC heap after
Heap after GC invocations=30 (full 10):
 def new generation   total 16320K, used 1496K [0x06a00000, 0x07bb0000, 0x0bf50000)
  eden space 14528K,   0% used [0x06a00000, 0x06a00000, 0x07830000)
  from space 1792K,  83% used [0x079f0000, 0x07b662f0, 0x07bb0000)
  to   space 1792K,   0% used [0x07830000, 0x07830000, 0x079f0000)
 tenured generation   total 36052K, used 16582K [0x0bf50000, 0x0e285000, 0x16a00000)
   the space 36052K,  45% used [0x0bf50000, 0x0cf81930, 0x0cf81a00, 0x0e285000)
 Metaspace       used 13445K, capacity 13891K, committed 13952K, reserved 14720K
}

Deoptimization events (0 events):
No events

Internal exceptions (10 events):
Event: 0.862 Thread 0x0117d400 Exception <a 'java/lang/NoSuchFieldError': method resolution failed> (0x06bc5cd8) thrown at [C:\re\workspace\8-2-build-windows-i586-cygwin\jdk8u111\7883\hotspot\src\share\vm\prims\methodHandles.cpp, line 1146]
Event: 1.256 Thread 0x17d38c00 Exception <a 'java/lang/NoSuchMethodError': <clinit>> (0x06a0c668) thrown at [C:\re\workspace\8-2-build-windows-i586-cygwin\jdk8u111\7883\hotspot\src\share\vm\prims\jni.cpp, line 1613]
Event: 1.258 Thread 0x17d38c00 Exception <a 'java/lang/NoSuchMethodError': <clinit>> (0x06a21710) thrown at [C:\re\workspace\8-2-build-windows-i586-cygwin\jdk8u111\7883\hotspot\src\share\vm\prims\jni.cpp, line 1613]
Event: 1.263 Thread 0x17f32000 Exception <a 'java/lang/InterruptedException'> (0x06a287f0) thrown at [C:\re\workspace\8-2-build-windows-i586-cygwin\jdk8u111\7883\hotspot\src\share\vm\runtime\objectMonitor.cpp, line 1684]
Event: 1.341 Thread 0x17f54800 Exception <a 'java/io/FileNotFoundException'> (0x06bac1d8) thrown at [C:\re\workspace\8-2-build-windows-i586-cygwin\jdk8u111\7883\hotspot\src\share\vm\prims\jni.cpp, line 709]
Event: 1.610 Thread 0x17f54800 Exception <a 'java/lang/ClassNotFoundException': sun/net/www/protocol/c/Handler> (0x06d4fca8) thrown at [C:\re\workspace\8-2-build-windows-i586-cygwin\jdk8u111\7883\hotspot\src\share\vm\classfile\systemDictionary.cpp, line 210]
Event: 1.610 Thread 0x17f54800 Exception <a 'java/lang/ClassNotFoundException': sun/net/www/protocol/c/Handler> (0x06d56550) thrown at [C:\re\workspace\8-2-build-windows-i586-cygwin\jdk8u111\7883\hotspot\src\share\vm\classfile\systemDictionary.cpp, line 210]
Event: 1.611 Thread 0x17f54800 Exception <a 'java/lang/ClassNotFoundException': sun/net/www/protocol/c/Handler> (0x06d5c350) thrown at [C:\re\workspace\8-2-build-windows-i586-cygwin\jdk8u111\7883\hotspot\src\share\vm\classfile\systemDictionary.cpp, line 210]
Event: 1.806 Thread 0x17f56400 Exception <a 'java/lang/NullPointerException'> (0x06ddb680) thrown at [C:\re\workspace\8-2-build-windows-i586-cygwin\jdk8u111\7883\hotspot\src\share\vm\interpreter\linkResolver.cpp, line 1178]
Event: 17.472 Thread 0x17f56400 Exception <a 'java/lang/UnsatisfiedLinkError': The specified procedure could not be found.
> (0x0764e158) thrown at [C:\re\workspace\8-2-build-windows-i586-cygwin\jdk8u111\7883\hotspot\src\share\vm\prims\jni.cpp, line 735]

Events (10 events):
Event: 20.622 Executing VM operation: RevokeBias
Event: 20.622 Executing VM operation: RevokeBias done
Event: 20.622 Executing VM operation: RevokeBias
Event: 20.622 Executing VM operation: RevokeBias done
Event: 20.622 Executing VM operation: RevokeBias
Event: 20.622 Executing VM operation: RevokeBias done
Event: 21.673 Thread 0x16f87800 flushing nmethod 0x049f1b08
Event: 21.673 Thread 0x16f87800 flushing nmethod 0x04a13388
Event: 21.914 Thread 0x16f87800 flushing nmethod 0x04a658c8
Event: 21.914 Thread 0x16f87800 flushing nmethod 0x04a89188


Dynamic libraries:
0x01180000 - 0x011b3000 	C:\Program Files (x86)\Greenfoot\jdk\jre\bin\java.exe
0x77cc0000 - 0x77e4d000 	C:\WINDOWS\SYSTEM32\ntdll.dll
0x76b00000 - 0x76bd0000 	C:\WINDOWS\System32\KERNEL32.DLL
0x76500000 - 0x766d7000 	C:\WINDOWS\System32\KERNELBASE.dll
0x6bba0000 - 0x6bc3a000 	C:\WINDOWS\SYSTEM32\apphelp.dll
0x74930000 - 0x749a8000 	C:\WINDOWS\System32\ADVAPI32.dll
0x76a40000 - 0x76afd000 	C:\WINDOWS\System32\msvcrt.dll
0x77380000 - 0x773c3000 	C:\WINDOWS\System32\sechost.dll
0x74700000 - 0x747be000 	C:\WINDOWS\System32\RPCRT4.dll
0x746e0000 - 0x74700000 	C:\WINDOWS\System32\SspiCli.dll
0x746d0000 - 0x746da000 	C:\WINDOWS\System32\CRYPTBASE.dll
0x75ef0000 - 0x75f47000 	C:\WINDOWS\System32\bcryptPrimitives.dll
0x77a90000 - 0x77c05000 	C:\WINDOWS\System32\USER32.dll
0x76a20000 - 0x76a36000 	C:\WINDOWS\System32\win32u.dll
0x77410000 - 0x77432000 	C:\WINDOWS\System32\GDI32.dll
0x74a50000 - 0x74baf000 	C:\WINDOWS\System32\gdi32full.dll
0x75fa0000 - 0x7601c000 	C:\WINDOWS\System32\msvcp_win.dll
0x77900000 - 0x77a17000 	C:\WINDOWS\System32\ucrtbase.dll
0x70030000 - 0x70241000 	C:\WINDOWS\WinSxS\x86_microsoft.windows.common-controls_6595b64144ccf1df_6.0.16299.431_none_5d750ac5a7e1c779\COMCTL32.dll
0x762b0000 - 0x764f6000 	C:\WINDOWS\System32\combase.dll
0x773e0000 - 0x77405000 	C:\WINDOWS\System32\IMM32.DLL
0x70a40000 - 0x70aff000 	C:\Program Files (x86)\Greenfoot\jdk\jre\bin\msvcr100.dll
0x6ad80000 - 0x6b14d000 	C:\Program Files (x86)\Greenfoot\jdk\jre\bin\client\jvm.dll
0x77310000 - 0x77316000 	C:\WINDOWS\System32\PSAPI.DLL
0x708d0000 - 0x708d8000 	C:\WINDOWS\SYSTEM32\WSOCK32.dll
0x74660000 - 0x74668000 	C:\WINDOWS\SYSTEM32\VERSION.dll
0x6c680000 - 0x6c6a4000 	C:\WINDOWS\SYSTEM32\WINMM.dll
0x748a0000 - 0x74906000 	C:\WINDOWS\System32\WS2_32.dll
0x6c650000 - 0x6c673000 	C:\WINDOWS\SYSTEM32\WINMMBASE.dll
0x747c0000 - 0x747f8000 	C:\WINDOWS\System32\cfgmgr32.dll
0x70da0000 - 0x70dac000 	C:\Program Files (x86)\Greenfoot\jdk\jre\bin\verify.dll
0x709c0000 - 0x709e1000 	C:\Program Files (x86)\Greenfoot\jdk\jre\bin\java.dll
0x6c6d0000 - 0x6c6f9000 	C:\Program Files (x86)\Greenfoot\jdk\jre\bin\jdwp.dll
0x6ec10000 - 0x6ec17000 	C:\Program Files (x86)\Greenfoot\jdk\jre\bin\npt.dll
0x70d80000 - 0x70d93000 	C:\Program Files (x86)\Greenfoot\jdk\jre\bin\zip.dll
0x74bb0000 - 0x75ee4000 	C:\WINDOWS\System32\SHELL32.dll
0x74810000 - 0x74898000 	C:\WINDOWS\System32\shcore.dll
0x76bd0000 - 0x77196000 	C:\WINDOWS\System32\windows.storage.dll
0x75f50000 - 0x75f95000 	C:\WINDOWS\System32\shlwapi.dll
0x773d0000 - 0x773de000 	C:\WINDOWS\System32\kernel.appcore.dll
0x76880000 - 0x768c5000 	C:\WINDOWS\System32\powrprof.dll
0x74910000 - 0x74924000 	C:\WINDOWS\System32\profapi.dll
0x70990000 - 0x70999000 	C:\Program Files (x86)\Greenfoot\jdk\jre\bin\dt_shmem.dll
0x6fea0000 - 0x6ffe6000 	C:\Program Files (x86)\Greenfoot\jdk\jre\bin\awt.dll
0x749b0000 - 0x74a43000 	C:\WINDOWS\System32\OLEAUT32.dll
0x70850000 - 0x708c9000 	C:\WINDOWS\system32\uxtheme.dll
0x768d0000 - 0x76a14000 	C:\WINDOWS\System32\MSCTF.dll
0x17b50000 - 0x17bcc000 	C:\Program Files (x86)\Lenovo\Password Manager\tvtpwm_windows_hook.dll
0x766e0000 - 0x76862000 	C:\WINDOWS\System32\CRYPT32.dll
0x74800000 - 0x7480e000 	C:\WINDOWS\System32\MSASN1.dll
0x76100000 - 0x76146000 	C:\WINDOWS\System32\WINTRUST.dll
0x70dd0000 - 0x70ea6000 	C:\WINDOWS\SYSTEM32\MSVCR110.dll
0x708e0000 - 0x70903000 	C:\WINDOWS\system32\dwmapi.dll
0x76150000 - 0x76247000 	C:\WINDOWS\System32\ole32.dll
0x72400000 - 0x72413000 	C:\WINDOWS\SYSTEM32\CRYPTSP.dll
0x723d0000 - 0x723ff000 	C:\WINDOWS\system32\rsaenh.dll
0x740b0000 - 0x740c9000 	C:\WINDOWS\SYSTEM32\bcrypt.dll
0x746a0000 - 0x746c2000 	C:\WINDOWS\SYSTEM32\USERENV.dll
0x709a0000 - 0x709b6000 	C:\Program Files (x86)\Greenfoot\jdk\jre\bin\net.dll
0x71720000 - 0x71775000 	C:\WINDOWS\system32\mswsock.dll
0x74630000 - 0x74660000 	C:\WINDOWS\SYSTEM32\IPHLPAPI.DLL
0x77a20000 - 0x77a27000 	C:\WINDOWS\System32\NSI.dll
0x71390000 - 0x713a3000 	C:\WINDOWS\SYSTEM32\dhcpcsvc6.DLL
0x71370000 - 0x71384000 	C:\WINDOWS\SYSTEM32\dhcpcsvc.DLL
0x70d10000 - 0x70d1f000 	C:\Program Files (x86)\Greenfoot\jdk\jre\bin\nio.dll
0x637a0000 - 0x6390c000 	C:\WINDOWS\system32\d3d9.dll
0x63f90000 - 0x64d5d000 	C:\WINDOWS\System32\DriverStore\FileRepository\nv_desktop_ref4wu.inf_amd64_6e17fae58779a6b0\nvd3dum.dll
0x70760000 - 0x7084e000 	C:\Program Files (x86)\Greenfoot\jdk\jre\bin\msvcr120.dll
0x706e0000 - 0x70751000 	C:\Program Files (x86)\Greenfoot\jdk\jre\bin\msvcp120.dll
0x70a20000 - 0x70a3e000 	C:\Program Files (x86)\Greenfoot\jdk\jre\bin\prism_d3d.dll
0x6fff0000 - 0x70023000 	C:\Program Files (x86)\Greenfoot\jdk\jre\bin\glass.dll
0x76020000 - 0x760f4000 	C:\WINDOWS\System32\COMDLG32.dll
0x6fe60000 - 0x6fe99000 	C:\Program Files (x86)\Greenfoot\jdk\jre\bin\fontmanager.dll
0x6fe20000 - 0x6fe52000 	C:\Program Files (x86)\Greenfoot\jdk\jre\bin\t2k.dll
0x77c30000 - 0x77cb2000 	C:\WINDOWS\System32\clbcatq.dll
0x6fcb0000 - 0x6fe1e000 	C:\WINDOWS\SYSTEM32\WindowsCodecs.dll
0x70670000 - 0x706b8000 	C:\WINDOWS\system32\dataexchange.dll
0x70570000 - 0x7066e000 	C:\WINDOWS\system32\dcomp.dll
0x6eee0000 - 0x6f11e000 	C:\WINDOWS\system32\d3d11.dll
0x6ee40000 - 0x6eed3000 	C:\WINDOWS\system32\dxgi.dll
0x6ed00000 - 0x6ee34000 	C:\WINDOWS\system32\twinapi.appcore.dll
0x70550000 - 0x7056a000 	C:\WINDOWS\system32\RMCLIENT.dll
0x6c620000 - 0x6c646000 	C:\Program Files (x86)\Greenfoot\jdk\jre\bin\jpeg.dll
0x6c4c0000 - 0x6c4e4000 	C:\Program Files (x86)\Greenfoot\jdk\jre\bin\dcpr.dll
0x6c580000 - 0x6c5f7000 	C:\WINDOWS\System32\TextInputFramework.dll
0x6bf60000 - 0x6c194000 	C:\WINDOWS\System32\CoreUIComponents.dll
0x6c4f0000 - 0x6c57c000 	C:\WINDOWS\System32\CoreMessaging.dll
0x74080000 - 0x740a8000 	C:\WINDOWS\SYSTEM32\ntmarta.dll
0x6bd10000 - 0x6bddb000 	C:\WINDOWS\SYSTEM32\wintypes.dll
0x6c6b0000 - 0x6c6ba000 	C:\Program Files (x86)\Greenfoot\jdk\jre\bin\management.dll
0x6b900000 - 0x6b911000 	C:\WINDOWS\system32\napinsp.dll
0x68f10000 - 0x68f26000 	C:\WINDOWS\system32\pnrpnsp.dll
0x68dd0000 - 0x68de3000 	C:\WINDOWS\system32\NLAapi.dll
0x6c1e0000 - 0x6c274000 	C:\WINDOWS\SYSTEM32\DNSAPI.dll
0x6c600000 - 0x6c60c000 	C:\WINDOWS\System32\winrnr.dll
0x6c1b0000 - 0x6c1d1000 	C:\Program Files (x86)\Bonjour\mdnsNSP.dll
0x6be20000 - 0x6be30000 	C:\WINDOWS\System32\wshbth.dll
0x6c1a0000 - 0x6c1a8000 	C:\Windows\System32\rasadhlp.dll
0x691a0000 - 0x691ee000 	C:\WINDOWS\System32\fwpuclnt.dll
0x68d40000 - 0x68dce000 	C:\WINDOWS\WinSxS\x86_microsoft.windows.common-controls_6595b64144ccf1df_5.82.16299.431_none_d026bbf95f37292c\comctl32.dll
0x6bf40000 - 0x6bf5d000 	C:\Users\varun\AppData\Local\Temp\jna-111978496\jna2040181839826760056.dll

VM Arguments:
jvm_args: -Dawt.useSystemAAFontSettings=on -XX:MaxGCPauseMillis=50 -agentlib:jdwp=transport=dt_shmem,address=javadebug -Dfile.encoding=UTF-8 
java_command: bluej.runtime.ExecServer UTF-8
java_class_path (initial): C:\Program Files (x86)\Greenfoot\lib\extensions\greenfoot.jar;C:\Program Files (x86)\Greenfoot\lib\bluejcore.jar;C:\Program Files (x86)\Greenfoot\lib\bluejeditor.jar;C:\Program Files (x86)\Greenfoot\lib\bluejext.jar;C:\Program Files (x86)\Greenfoot\lib\AppleJavaExtensions.jar;C:\Program Files (x86)\Greenfoot\lib\junit-4.11.jar;C:\Program Files (x86)\Greenfoot\lib\hamcrest-core-1.3.jar;C:\Program Files (x86)\Greenfoot\lib\bluej.jar;C:\Program Files (x86)\Greenfoot\lib\diffutils-1.2.1.jar;C:\Program Files (x86)\Greenfoot\lib\commons-httpclient-3.1.jar;C:\Program Files (x86)\Greenfoot\lib\commons-logging-api-1.1.2.jar;C:\Program Files (x86)\Greenfoot\lib\commons-codec-1.3.jar;C:\Program Files (x86)\Greenfoot\lib\jl1.0.1.jar;C:\Program Files (x86)\Greenfoot\lib\opencsv-2.3.jar;C:\Program Files (x86)\Greenfoot\lib\xom-1.2.9.jar;C:\Program Files (x86)\Greenfoot\lib\lang-stride.jar;C:\Program Files (x86)\Greenfoot\lib\guava-17.0.jar;C:\Program Files (x86)\Greenfoot\lib\javassist-3.18.0.jar;C:\Program Files (x86)\Greenfoot\lib\commons-vfs2-2.0.jar;C:\Program Files (x86)\Greenfoot\lib\httpclient-4.1.1.jar;C:\Program Files (x86)\Greenfoot\lib\httpcore-4.1.jar;C:\Program Files (x86)\Greenfoot\lib\httpmime-4.1.1.jar
Launcher Type: SUN_STANDARD

Environment Variables:
PATH=C:\ProgramData\Oracle\Java\javapath;C:\WINDOWS\system32;C:\WINDOWS;C:\WINDOWS\System32\Wbem;C:\WINDOWS\System32\WindowsPowerShell\v1.0\;C:\Program Files (x86)\Lenovo\Password Manager\;C:\SWTOOLS\ReadyApps;C:\Program Files (x86)\Windows Live\Shared;C:\Users\varun\AppData\Local\Microsoft\WindowsApps;
USERNAME=varun
OS=Windows_NT
PROCESSOR_IDENTIFIER=Intel64 Family 6 Model 42 Stepping 7, GenuineIntel



---------------  S Y S T E M  ---------------

OS: Windows 10.0 , 64 bit Build 16299 (10.0.16299.431)

CPU:total 8 (4 cores per cpu, 2 threads per core) family 6 model 42 stepping 7, cmov, cx8, fxsr, mmx, sse, sse2, sse3, ssse3, sse4.1, sse4.2, popcnt, avx, aes, clmul, ht, tsc, tscinvbit

Memory: 4k page, physical 8345844k(3886916k free), swap 33511668k(624k free)

vm_info: Java HotSpot(TM) Client VM (25.111-b14) for windows-x86 JRE (1.8.0_111-b14), built on Sep 22 2016 18:54:33 by "java_re" with MS VC++ 10.0 (VS2010)

time: Thu Jun 14 09:00:50 2018
elapsed time: 22 seconds (0d 0h 0m 22s)

